<?xml version="1.0" encoding="UTF-8"?>
<!-- Generated by org.testng.reporters.JUnitReportReporter -->
<testsuite hostname="arushi" failures="0" tests="1" name="sampleGit.SampleProgram" time="0.027" errors="0" timestamp="2023-08-03T19:34:58 IST" skipped="0">
  <testcase classname="sampleGit.SampleProgram" name="demo" time="0.027"/>
  <system-out/>
</testsuite> <!-- sampleGit.SampleProgram -->
